This is pdfTeX, Version 3.14159265-2.6-1.40.19 (MiKTeX 2.9.6630 64-bit) (preloaded format=pdflatex 2018.5.9)  10 MAY 2018 19:36
entering extended mode
**./Thesis.tex
(Thesis.tex
LaTeX2e <2017-04-15>
Babel <3.18> and hyphenation patterns for 75 language(s) loaded.
(moddalthesis.cls

LaTeX Warning: You have requested document class `moddalthesis',
               but the document class provides `dalthesis'.

Document Class: dalthesis 2003/12/12 v2.2 Dalhousie University thesis class
("E:\Programs\MiKTeX 2.9\tex\latex\base\report.cls"
Document Class: report 2014/09/29 v1.4h Standard LaTeX document class
("E:\Programs\MiKTeX 2.9\tex\latex\base\size11.clo"
File: size11.clo 2014/09/29 v1.4h Standard LaTeX file (size option)
)
\c@part=\count79
\c@chapter=\count80
\c@section=\count81
\c@subsection=\count82
\c@subsubsection=\count83
\c@paragraph=\count84
\c@subparagraph=\count85
\c@figure=\count86
\c@table=\count87
\abovecaptionskip=\skip41
\belowcaptionskip=\skip42
\bibindent=\dimen102
)
("E:\Programs\MiKTeX 2.9\tex\latex\tools\afterpage.sty"
Package: afterpage 2014/10/28 v1.08 After-Page Package (DPC)
\AP@output=\toks14
\AP@partial=\box26
\AP@footins=\box27
)
\dal@textheight@default=\skip43
\dal@textheight@footer=\skip44
\dal@tempdima=\dimen103
\dal@tempdimb=\dimen104
\dal@supervisornum=\count88
\c@dal@readernum=\count89
)
("E:\Programs\MiKTeX 2.9\tex\latex\hyperref\hyperref.sty"
Package: hyperref 2018/02/06 v6.86b Hypertext links for LaTeX

("E:\Programs\MiKTeX 2.9\tex\generic\oberdiek\hobsub-hyperref.sty"
Package: hobsub-hyperref 2016/05/16 v1.14 Bundle oberdiek, subset hyperref (HO)


("E:\Programs\MiKTeX 2.9\tex\generic\oberdiek\hobsub-generic.sty"
Package: hobsub-generic 2016/05/16 v1.14 Bundle oberdiek, subset generic (HO)
Package: hobsub 2016/05/16 v1.14 Construct package bundles (HO)
Package: infwarerr 2016/05/16 v1.4 Providing info/warning/error messages (HO)
Package: ltxcmds 2016/05/16 v1.23 LaTeX kernel commands for general use (HO)
Package: ifluatex 2016/05/16 v1.4 Provides the ifluatex switch (HO)
Package ifluatex Info: LuaTeX not detected.
Package: ifvtex 2016/05/16 v1.6 Detect VTeX and its facilities (HO)
Package ifvtex Info: VTeX not detected.
Package: intcalc 2016/05/16 v1.2 Expandable calculations with integers (HO)
Package: ifpdf 2017/03/15 v3.2 Provides the ifpdf switch
Package: etexcmds 2016/05/16 v1.6 Avoid name clashes with e-TeX commands (HO)
Package etexcmds Info: Could not find \expanded.
(etexcmds)             That can mean that you are not using pdfTeX 1.50 or
(etexcmds)             that some package has redefined \expanded.
(etexcmds)             In the latter case, load this package earlier.
Package: kvsetkeys 2016/05/16 v1.17 Key value parser (HO)
Package: kvdefinekeys 2016/05/16 v1.4 Define keys (HO)
Package: pdftexcmds 2018/01/21 v0.26 Utility functions of pdfTeX for LuaTeX (HO
)
Package pdftexcmds Info: LuaTeX not detected.
Package pdftexcmds Info: \pdf@primitive is available.
Package pdftexcmds Info: \pdf@ifprimitive is available.
Package pdftexcmds Info: \pdfdraftmode found.
Package: pdfescape 2016/05/16 v1.14 Implements pdfTeX's escape features (HO)
Package: bigintcalc 2016/05/16 v1.4 Expandable calculations on big integers (HO
)
Package: bitset 2016/05/16 v1.2 Handle bit-vector datatype (HO)
Package: uniquecounter 2016/05/16 v1.3 Provide unlimited unique counter (HO)
)
Package hobsub Info: Skipping package `hobsub' (already loaded).
Package: letltxmacro 2016/05/16 v1.5 Let assignment for LaTeX macros (HO)
Package: hopatch 2016/05/16 v1.3 Wrapper for package hooks (HO)
Package: xcolor-patch 2016/05/16 xcolor patch
Package: atveryend 2016/05/16 v1.9 Hooks at the very end of document (HO)
Package atveryend Info: \AP@enddocument detected (standard20110627).
Package: atbegshi 2016/06/09 v1.18 At begin shipout hook (HO)
Package: refcount 2016/05/16 v3.5 Data extraction from label references (HO)
Package: hycolor 2016/05/16 v1.8 Color options for hyperref/bookmark (HO)
)
("E:\Programs\MiKTeX 2.9\tex\latex\graphics\keyval.sty"
Package: keyval 2014/10/28 v1.15 key=value parser (DPC)
\KV@toks@=\toks15
)
("E:\Programs\MiKTeX 2.9\tex\generic\ifxetex\ifxetex.sty"
Package: ifxetex 2010/09/12 v0.6 Provides ifxetex conditional
)
("E:\Programs\MiKTeX 2.9\tex\latex\oberdiek\auxhook.sty"
Package: auxhook 2016/05/16 v1.4 Hooks for auxiliary files (HO)
)
("E:\Programs\MiKTeX 2.9\tex\latex\oberdiek\kvoptions.sty"
Package: kvoptions 2016/05/16 v3.12 Key value format for package options (HO)
)
\@linkdim=\dimen105
\Hy@linkcounter=\count90
\Hy@pagecounter=\count91

("E:\Programs\MiKTeX 2.9\tex\latex\hyperref\pd1enc.def"
File: pd1enc.def 2018/02/06 v6.86b Hyperref: PDFDocEncoding definition (HO)
)
\Hy@SavedSpaceFactor=\count92

("E:\Programs\MiKTeX 2.9\tex\latex\00miktex\hyperref.cfg"
File: hyperref.cfg 2002/06/06 v1.2 hyperref configuration of TeXLive
)
Package hyperref Info: Hyper figures OFF on input line 4509.
Package hyperref Info: Link nesting OFF on input line 4514.
Package hyperref Info: Hyper index ON on input line 4517.
Package hyperref Info: Plain pages OFF on input line 4524.
Package hyperref Info: Backreferencing OFF on input line 4529.
Package hyperref Info: Implicit mode ON; LaTeX internals redefined.
Package hyperref Info: Bookmarks ON on input line 4762.
\c@Hy@tempcnt=\count93

("E:\Programs\MiKTeX 2.9\tex\latex\url\url.sty"
\Urlmuskip=\muskip10
Package: url 2013/09/16  ver 3.4  Verb mode for urls, etc.
)
LaTeX Info: Redefining \url on input line 5115.
\XeTeXLinkMargin=\dimen106
\Fld@menulength=\count94
\Field@Width=\dimen107
\Fld@charsize=\dimen108
Package hyperref Info: Hyper figures OFF on input line 6369.
Package hyperref Info: Link nesting OFF on input line 6374.
Package hyperref Info: Hyper index ON on input line 6377.
Package hyperref Info: backreferencing OFF on input line 6384.
Package hyperref Info: Link coloring OFF on input line 6389.
Package hyperref Info: Link coloring with OCG OFF on input line 6394.
Package hyperref Info: PDF/A mode OFF on input line 6399.
LaTeX Info: Redefining \ref on input line 6439.
LaTeX Info: Redefining \pageref on input line 6443.
\Hy@abspage=\count95
\c@Item=\count96
\c@Hfootnote=\count97
)
Package hyperref Info: Driver (autodetected): hpdftex.

("E:\Programs\MiKTeX 2.9\tex\latex\hyperref\hpdftex.def"
File: hpdftex.def 2018/02/06 v6.86b Hyperref driver for pdfTeX
\Fld@listcount=\count98
\c@bookmark@seq@number=\count99

("E:\Programs\MiKTeX 2.9\tex\latex\oberdiek\rerunfilecheck.sty"
Package: rerunfilecheck 2016/05/16 v1.8 Rerun checks for auxiliary files (HO)
Package uniquecounter Info: New unique counter `rerunfilecheck' on input line 2
82.
)
\Hy@SectionHShift=\skip45
)
("E:\Programs\MiKTeX 2.9\tex\generic\babel\babel.sty"
Package: babel 2018/02/14 3.18 The Babel package

("E:\Programs\MiKTeX 2.9\tex\generic\babel\switch.def"
File: switch.def 2018/02/14 3.18 Babel switching mechanism
)
*************************************
* Local config file bblopts.cfg used
*
("E:\Programs\MiKTeX 2.9\tex\latex\arabi\bblopts.cfg"
File: bblopts.cfg 2005/09/08 v0.1 add Arabic and Farsi to "declared" options of
 babel
)
("E:\Programs\MiKTeX 2.9\tex\latex\babel-spanish\spanish.ldf"
Language: spanish.ldf 2016/03/03 v5.0p Spanish support from the babel system

("E:\Programs\MiKTeX 2.9\tex\generic\babel\babel.def"
File: babel.def 2018/02/14 3.18 Babel common definitions
\babel@savecnt=\count100
\U@D=\dimen109

("E:\Programs\MiKTeX 2.9\tex\generic\babel\txtbabel.def")
\bbl@dirlevel=\count101
)
\es@quottoks=\toks16
\es@quotdepth=\count102
Package babel Info: Making " an active character on input line 561.
Package babel Info: Making . an active character on input line 662.
Package babel Info: Making < an active character on input line 707.
Package babel Info: Making > an active character on input line 707.
)
("E:\Programs\MiKTeX 2.9\tex\latex\babel-english\english.ldf"
Language: english 2017/06/06 v3.3r English support from the babel system
\l@canadian = a dialect from \language\l@american 
\l@australian = a dialect from \language\l@british 
\l@newzealand = a dialect from \language\l@british 
))
("E:\Programs\MiKTeX 2.9\tex\latex\base\inputenc.sty"
Package: inputenc 2015/03/17 v1.2c Input encoding file
\inpenc@prehook=\toks17
\inpenc@posthook=\toks18

("E:\Programs\MiKTeX 2.9\tex\latex\base\utf8.def"
File: utf8.def 2017/01/28 v1.1t UTF-8 support for inputenc
Now handling font encoding OML ...
... no UTF-8 mapping file for font encoding OML
Now handling font encoding T1 ...
... processing UTF-8 mapping file for font encoding T1

("E:\Programs\MiKTeX 2.9\tex\latex\base\t1enc.dfu"
File: t1enc.dfu 2017/01/28 v1.1t UTF-8 support for inputenc
   defining Unicode char U+00A0 (decimal 160)
   defining Unicode char U+00A1 (decimal 161)
   defining Unicode char U+00A3 (decimal 163)
   defining Unicode char U+00AB (decimal 171)
   defining Unicode char U+00AD (decimal 173)
   defining Unicode char U+00BB (decimal 187)
   defining Unicode char U+00BF (decimal 191)
   defining Unicode char U+00C0 (decimal 192)
   defining Unicode char U+00C1 (decimal 193)
   defining Unicode char U+00C2 (decimal 194)
   defining Unicode char U+00C3 (decimal 195)
   defining Unicode char U+00C4 (decimal 196)
   defining Unicode char U+00C5 (decimal 197)
   defining Unicode char U+00C6 (decimal 198)
   defining Unicode char U+00C7 (decimal 199)
   defining Unicode char U+00C8 (decimal 200)
   defining Unicode char U+00C9 (decimal 201)
   defining Unicode char U+00CA (decimal 202)
   defining Unicode char U+00CB (decimal 203)
   defining Unicode char U+00CC (decimal 204)
   defining Unicode char U+00CD (decimal 205)
   defining Unicode char U+00CE (decimal 206)
   defining Unicode char U+00CF (decimal 207)
   defining Unicode char U+00D0 (decimal 208)
   defining Unicode char U+00D1 (decimal 209)
   defining Unicode char U+00D2 (decimal 210)
   defining Unicode char U+00D3 (decimal 211)
   defining Unicode char U+00D4 (decimal 212)
   defining Unicode char U+00D5 (decimal 213)
   defining Unicode char U+00D6 (decimal 214)
   defining Unicode char U+00D8 (decimal 216)
   defining Unicode char U+00D9 (decimal 217)
   defining Unicode char U+00DA (decimal 218)
   defining Unicode char U+00DB (decimal 219)
   defining Unicode char U+00DC (decimal 220)
   defining Unicode char U+00DD (decimal 221)
   defining Unicode char U+00DE (decimal 222)
   defining Unicode char U+00DF (decimal 223)
   defining Unicode char U+00E0 (decimal 224)
   defining Unicode char U+00E1 (decimal 225)
   defining Unicode char U+00E2 (decimal 226)
   defining Unicode char U+00E3 (decimal 227)
   defining Unicode char U+00E4 (decimal 228)
   defining Unicode char U+00E5 (decimal 229)
   defining Unicode char U+00E6 (decimal 230)
   defining Unicode char U+00E7 (decimal 231)
   defining Unicode char U+00E8 (decimal 232)
   defining Unicode char U+00E9 (decimal 233)
   defining Unicode char U+00EA (decimal 234)
   defining Unicode char U+00EB (decimal 235)
   defining Unicode char U+00EC (decimal 236)
   defining Unicode char U+00ED (decimal 237)
   defining Unicode char U+00EE (decimal 238)
   defining Unicode char U+00EF (decimal 239)
   defining Unicode char U+00F0 (decimal 240)
   defining Unicode char U+00F1 (decimal 241)
   defining Unicode char U+00F2 (decimal 242)
   defining Unicode char U+00F3 (decimal 243)
   defining Unicode char U+00F4 (decimal 244)
   defining Unicode char U+00F5 (decimal 245)
   defining Unicode char U+00F6 (decimal 246)
   defining Unicode char U+00F8 (decimal 248)
   defining Unicode char U+00F9 (decimal 249)
   defining Unicode char U+00FA (decimal 250)
   defining Unicode char U+00FB (decimal 251)
   defining Unicode char U+00FC (decimal 252)
   defining Unicode char U+00FD (decimal 253)
   defining Unicode char U+00FE (decimal 254)
   defining Unicode char U+00FF (decimal 255)
   defining Unicode char U+0100 (decimal 256)
   defining Unicode char U+0101 (decimal 257)
   defining Unicode char U+0102 (decimal 258)
   defining Unicode char U+0103 (decimal 259)
   defining Unicode char U+0104 (decimal 260)
   defining Unicode char U+0105 (decimal 261)
   defining Unicode char U+0106 (decimal 262)
   defining Unicode char U+0107 (decimal 263)
   defining Unicode char U+0108 (decimal 264)
   defining Unicode char U+0109 (decimal 265)
   defining Unicode char U+010A (decimal 266)
   defining Unicode char U+010B (decimal 267)
   defining Unicode char U+010C (decimal 268)
   defining Unicode char U+010D (decimal 269)
   defining Unicode char U+010E (decimal 270)
   defining Unicode char U+010F (decimal 271)
   defining Unicode char U+0110 (decimal 272)
   defining Unicode char U+0111 (decimal 273)
   defining Unicode char U+0112 (decimal 274)
   defining Unicode char U+0113 (decimal 275)
   defining Unicode char U+0114 (decimal 276)
   defining Unicode char U+0115 (decimal 277)
   defining Unicode char U+0116 (decimal 278)
   defining Unicode char U+0117 (decimal 279)
   defining Unicode char U+0118 (decimal 280)
   defining Unicode char U+0119 (decimal 281)
   defining Unicode char U+011A (decimal 282)
   defining Unicode char U+011B (decimal 283)
   defining Unicode char U+011C (decimal 284)
   defining Unicode char U+011D (decimal 285)
   defining Unicode char U+011E (decimal 286)
   defining Unicode char U+011F (decimal 287)
   defining Unicode char U+0120 (decimal 288)
   defining Unicode char U+0121 (decimal 289)
   defining Unicode char U+0122 (decimal 290)
   defining Unicode char U+0123 (decimal 291)
   defining Unicode char U+0124 (decimal 292)
   defining Unicode char U+0125 (decimal 293)
   defining Unicode char U+0128 (decimal 296)
   defining Unicode char U+0129 (decimal 297)
   defining Unicode char U+012A (decimal 298)
   defining Unicode char U+012B (decimal 299)
   defining Unicode char U+012C (decimal 300)
   defining Unicode char U+012D (decimal 301)
   defining Unicode char U+012E (decimal 302)
   defining Unicode char U+012F (decimal 303)
   defining Unicode char U+0130 (decimal 304)
   defining Unicode char U+0131 (decimal 305)
   defining Unicode char U+0132 (decimal 306)
   defining Unicode char U+0133 (decimal 307)
   defining Unicode char U+0134 (decimal 308)
   defining Unicode char U+0135 (decimal 309)
   defining Unicode char U+0136 (decimal 310)
   defining Unicode char U+0137 (decimal 311)
   defining Unicode char U+0139 (decimal 313)
   defining Unicode char U+013A (decimal 314)
   defining Unicode char U+013B (decimal 315)
   defining Unicode char U+013C (decimal 316)
   defining Unicode char U+013D (decimal 317)
   defining Unicode char U+013E (decimal 318)
   defining Unicode char U+0141 (decimal 321)
   defining Unicode char U+0142 (decimal 322)
   defining Unicode char U+0143 (decimal 323)
   defining Unicode char U+0144 (decimal 324)
   defining Unicode char U+0145 (decimal 325)
   defining Unicode char U+0146 (decimal 326)
   defining Unicode char U+0147 (decimal 327)
   defining Unicode char U+0148 (decimal 328)
   defining Unicode char U+014A (decimal 330)
   defining Unicode char U+014B (decimal 331)
   defining Unicode char U+014C (decimal 332)
   defining Unicode char U+014D (decimal 333)
   defining Unicode char U+014E (decimal 334)
   defining Unicode char U+014F (decimal 335)
   defining Unicode char U+0150 (decimal 336)
   defining Unicode char U+0151 (decimal 337)
   defining Unicode char U+0152 (decimal 338)
   defining Unicode char U+0153 (decimal 339)
   defining Unicode char U+0154 (decimal 340)
   defining Unicode char U+0155 (decimal 341)
   defining Unicode char U+0156 (decimal 342)
   defining Unicode char U+0157 (decimal 343)
   defining Unicode char U+0158 (decimal 344)
   defining Unicode char U+0159 (decimal 345)
   defining Unicode char U+015A (decimal 346)
   defining Unicode char U+015B (decimal 347)
   defining Unicode char U+015C (decimal 348)
   defining Unicode char U+015D (decimal 349)
   defining Unicode char U+015E (decimal 350)
   defining Unicode char U+015F (decimal 351)
   defining Unicode char U+0160 (decimal 352)
   defining Unicode char U+0161 (decimal 353)
   defining Unicode char U+0162 (decimal 354)
   defining Unicode char U+0163 (decimal 355)
   defining Unicode char U+0164 (decimal 356)
   defining Unicode char U+0165 (decimal 357)
   defining Unicode char U+0168 (decimal 360)
   defining Unicode char U+0169 (decimal 361)
   defining Unicode char U+016A (decimal 362)
   defining Unicode char U+016B (decimal 363)
   defining Unicode char U+016C (decimal 364)
   defining Unicode char U+016D (decimal 365)
   defining Unicode char U+016E (decimal 366)
   defining Unicode char U+016F (decimal 367)
   defining Unicode char U+0170 (decimal 368)
   defining Unicode char U+0171 (decimal 369)
   defining Unicode char U+0172 (decimal 370)
   defining Unicode char U+0173 (decimal 371)
   defining Unicode char U+0174 (decimal 372)
   defining Unicode char U+0175 (decimal 373)
   defining Unicode char U+0176 (decimal 374)
   defining Unicode char U+0177 (decimal 375)
   defining Unicode char U+0178 (decimal 376)
   defining Unicode char U+0179 (decimal 377)
   defining Unicode char U+017A (decimal 378)
   defining Unicode char U+017B (decimal 379)
   defining Unicode char U+017C (decimal 380)
   defining Unicode char U+017D (decimal 381)
   defining Unicode char U+017E (decimal 382)
   defining Unicode char U+01CD (decimal 461)
   defining Unicode char U+01CE (decimal 462)
   defining Unicode char U+01CF (decimal 463)
   defining Unicode char U+01D0 (decimal 464)
   defining Unicode char U+01D1 (decimal 465)
   defining Unicode char U+01D2 (decimal 466)
   defining Unicode char U+01D3 (decimal 467)
   defining Unicode char U+01D4 (decimal 468)
   defining Unicode char U+01E2 (decimal 482)
   defining Unicode char U+01E3 (decimal 483)
   defining Unicode char U+01E6 (decimal 486)
   defining Unicode char U+01E7 (decimal 487)
   defining Unicode char U+01E8 (decimal 488)
   defining Unicode char U+01E9 (decimal 489)
   defining Unicode char U+01EA (decimal 490)
   defining Unicode char U+01EB (decimal 491)
   defining Unicode char U+01F0 (decimal 496)
   defining Unicode char U+01F4 (decimal 500)
   defining Unicode char U+01F5 (decimal 501)
   defining Unicode char U+0218 (decimal 536)
   defining Unicode char U+0219 (decimal 537)
   defining Unicode char U+021A (decimal 538)
   defining Unicode char U+021B (decimal 539)
   defining Unicode char U+0232 (decimal 562)
   defining Unicode char U+0233 (decimal 563)
   defining Unicode char U+1E02 (decimal 7682)
   defining Unicode char U+1E03 (decimal 7683)
   defining Unicode char U+200C (decimal 8204)
   defining Unicode char U+2010 (decimal 8208)
   defining Unicode char U+2011 (decimal 8209)
   defining Unicode char U+2012 (decimal 8210)
   defining Unicode char U+2013 (decimal 8211)
   defining Unicode char U+2014 (decimal 8212)
   defining Unicode char U+2015 (decimal 8213)
   defining Unicode char U+2018 (decimal 8216)
   defining Unicode char U+2019 (decimal 8217)
   defining Unicode char U+201A (decimal 8218)
   defining Unicode char U+201C (decimal 8220)
   defining Unicode char U+201D (decimal 8221)
   defining Unicode char U+201E (decimal 8222)
   defining Unicode char U+2030 (decimal 8240)
   defining Unicode char U+2031 (decimal 8241)
   defining Unicode char U+2039 (decimal 8249)
   defining Unicode char U+203A (decimal 8250)
   defining Unicode char U+2423 (decimal 9251)
   defining Unicode char U+1E20 (decimal 7712)
   defining Unicode char U+1E21 (decimal 7713)
)
Now handling font encoding OT1 ...
... processing UTF-8 mapping file for font encoding OT1

("E:\Programs\MiKTeX 2.9\tex\latex\base\ot1enc.dfu"
File: ot1enc.dfu 2017/01/28 v1.1t UTF-8 support for inputenc
   defining Unicode char U+00A0 (decimal 160)
   defining Unicode char U+00A1 (decimal 161)
   defining Unicode char U+00A3 (decimal 163)
   defining Unicode char U+00AD (decimal 173)
   defining Unicode char U+00B8 (decimal 184)
   defining Unicode char U+00BF (decimal 191)
   defining Unicode char U+00C5 (decimal 197)
   defining Unicode char U+00C6 (decimal 198)
   defining Unicode char U+00D8 (decimal 216)
   defining Unicode char U+00DF (decimal 223)
   defining Unicode char U+00E6 (decimal 230)
   defining Unicode char U+00EC (decimal 236)
   defining Unicode char U+00ED (decimal 237)
   defining Unicode char U+00EE (decimal 238)
   defining Unicode char U+00EF (decimal 239)
   defining Unicode char U+00F8 (decimal 248)
   defining Unicode char U+0131 (decimal 305)
   defining Unicode char U+0141 (decimal 321)
   defining Unicode char U+0142 (decimal 322)
   defining Unicode char U+0152 (decimal 338)
   defining Unicode char U+0153 (decimal 339)
   defining Unicode char U+0174 (decimal 372)
   defining Unicode char U+0175 (decimal 373)
   defining Unicode char U+0176 (decimal 374)
   defining Unicode char U+0177 (decimal 375)
   defining Unicode char U+0218 (decimal 536)
   defining Unicode char U+0219 (decimal 537)
   defining Unicode char U+021A (decimal 538)
   defining Unicode char U+021B (decimal 539)
   defining Unicode char U+2013 (decimal 8211)
   defining Unicode char U+2014 (decimal 8212)
   defining Unicode char U+2018 (decimal 8216)
   defining Unicode char U+2019 (decimal 8217)
   defining Unicode char U+201C (decimal 8220)
   defining Unicode char U+201D (decimal 8221)
)
Now handling font encoding OMS ...
... processing UTF-8 mapping file for font encoding OMS

("E:\Programs\MiKTeX 2.9\tex\latex\base\omsenc.dfu"
File: omsenc.dfu 2017/01/28 v1.1t UTF-8 support for inputenc
   defining Unicode char U+00A7 (decimal 167)
   defining Unicode char U+00B6 (decimal 182)
   defining Unicode char U+00B7 (decimal 183)
   defining Unicode char U+2020 (decimal 8224)
   defining Unicode char U+2021 (decimal 8225)
   defining Unicode char U+2022 (decimal 8226)
)
Now handling font encoding OMX ...
... no UTF-8 mapping file for font encoding OMX
Now handling font encoding U ...
... no UTF-8 mapping file for font encoding U
Now handling font encoding PD1 ...
... no UTF-8 mapping file for font encoding PD1
   defining Unicode char U+00A9 (decimal 169)
   defining Unicode char U+00AA (decimal 170)
   defining Unicode char U+00AE (decimal 174)
   defining Unicode char U+00BA (decimal 186)
   defining Unicode char U+02C6 (decimal 710)
   defining Unicode char U+02DC (decimal 732)
   defining Unicode char U+200C (decimal 8204)
   defining Unicode char U+2026 (decimal 8230)
   defining Unicode char U+2122 (decimal 8482)
   defining Unicode char U+2423 (decimal 9251)
))
("E:\Programs\MiKTeX 2.9\tex\latex\chronology\chronology.sty"
Package: chronology 2015/03/27 v1.1.1 Horizontal timeline

("E:\Programs\MiKTeX 2.9\tex\latex\tools\calc.sty"
Package: calc 2014/10/28 v4.3 Infix arithmetic (KKT,FJ)
\calc@Acount=\count103
\calc@Bcount=\count104
\calc@Adimen=\dimen110
\calc@Bdimen=\dimen111
\calc@Askip=\skip46
\calc@Bskip=\skip47
LaTeX Info: Redefining \setlength on input line 80.
LaTeX Info: Redefining \addtolength on input line 81.
\calc@Ccount=\count105
\calc@Cskip=\skip48
)
("E:\Programs\MiKTeX 2.9\tex\latex\pgf\frontendlayer\tikz.sty"
("E:\Programs\MiKTeX 2.9\tex\latex\pgf\basiclayer\pgf.sty"
("E:\Programs\MiKTeX 2.9\tex\latex\pgf\utilities\pgfrcs.sty"
("E:\Programs\MiKTeX 2.9\tex\generic\pgf\utilities\pgfutil-common.tex"
\pgfutil@everybye=\toks19
\pgfutil@tempdima=\dimen112
\pgfutil@tempdimb=\dimen113

("E:\Programs\MiKTeX 2.9\tex\generic\pgf\utilities\pgfutil-common-lists.tex"))
("E:\Programs\MiKTeX 2.9\tex\generic\pgf\utilities\pgfutil-latex.def"
\pgfutil@abb=\box28

("E:\Programs\MiKTeX 2.9\tex\latex\ms\everyshi.sty"
Package: everyshi 2001/05/15 v3.00 EveryShipout Package (MS)
))
("E:\Programs\MiKTeX 2.9\tex\generic\pgf\utilities\pgfrcs.code.tex"
Package: pgfrcs 2015/08/07 v3.0.1a (rcs-revision 1.31)
))
Package: pgf 2015/08/07 v3.0.1a (rcs-revision 1.15)

("E:\Programs\MiKTeX 2.9\tex\latex\pgf\basiclayer\pgfcore.sty"
("E:\Programs\MiKTeX 2.9\tex\latex\graphics\graphicx.sty"
Package: graphicx 2017/06/01 v1.1a Enhanced LaTeX Graphics (DPC,SPQR)

("E:\Programs\MiKTeX 2.9\tex\latex\graphics\graphics.sty"
Package: graphics 2017/06/25 v1.2c Standard LaTeX Graphics (DPC,SPQR)

("E:\Programs\MiKTeX 2.9\tex\latex\graphics\trig.sty"
Package: trig 2016/01/03 v1.10 sin cos tan (DPC)
)
("E:\Programs\MiKTeX 2.9\tex\latex\graphics-cfg\graphics.cfg"
File: graphics.cfg 2016/06/04 v1.11 sample graphics configuration
)
Package graphics Info: Driver file: pdftex.def on input line 99.

("E:\Programs\MiKTeX 2.9\tex\latex\graphics-def\pdftex.def"
File: pdftex.def 2018/01/08 v1.0l Graphics/color driver for pdftex
))
\Gin@req@height=\dimen114
\Gin@req@width=\dimen115
)
("E:\Programs\MiKTeX 2.9\tex\latex\pgf\systemlayer\pgfsys.sty"
("E:\Programs\MiKTeX 2.9\tex\generic\pgf\systemlayer\pgfsys.code.tex"
Package: pgfsys 2014/07/09 v3.0.1a (rcs-revision 1.48)

("E:\Programs\MiKTeX 2.9\tex\generic\pgf\utilities\pgfkeys.code.tex"
\pgfkeys@pathtoks=\toks20
\pgfkeys@temptoks=\toks21

("E:\Programs\MiKTeX 2.9\tex\generic\pgf\utilities\pgfkeysfiltered.code.tex"
\pgfkeys@tmptoks=\toks22
))
\pgf@x=\dimen116
\pgf@y=\dimen117
\pgf@xa=\dimen118
\pgf@ya=\dimen119
\pgf@xb=\dimen120
\pgf@yb=\dimen121
\pgf@xc=\dimen122
\pgf@yc=\dimen123
\w@pgf@writea=\write3
\r@pgf@reada=\read1
\c@pgf@counta=\count106
\c@pgf@countb=\count107
\c@pgf@countc=\count108
\c@pgf@countd=\count109
\t@pgf@toka=\toks23
\t@pgf@tokb=\toks24
\t@pgf@tokc=\toks25

("E:\Programs\MiKTeX 2.9\tex\generic\pgf\systemlayer\pgf.cfg"
File: pgf.cfg 2008/05/14  (rcs-revision 1.7)
)
Driver file for pgf: pgfsys-pdftex.def

("E:\Programs\MiKTeX 2.9\tex\generic\pgf\systemlayer\pgfsys-pdftex.def"
File: pgfsys-pdftex.def 2014/10/11  (rcs-revision 1.35)

("E:\Programs\MiKTeX 2.9\tex\generic\pgf\systemlayer\pgfsys-common-pdf.def"
File: pgfsys-common-pdf.def 2013/10/10  (rcs-revision 1.13)
)))
("E:\Programs\MiKTeX 2.9\tex\generic\pgf\systemlayer\pgfsyssoftpath.code.tex"
File: pgfsyssoftpath.code.tex 2013/09/09  (rcs-revision 1.9)
\pgfsyssoftpath@smallbuffer@items=\count110
\pgfsyssoftpath@bigbuffer@items=\count111
)
("E:\Programs\MiKTeX 2.9\tex\generic\pgf\systemlayer\pgfsysprotocol.code.tex"
File: pgfsysprotocol.code.tex 2006/10/16  (rcs-revision 1.4)
)) ("E:\Programs\MiKTeX 2.9\tex\latex\xcolor\xcolor.sty"
Package: xcolor 2016/05/11 v2.12 LaTeX color extensions (UK)

("E:\Programs\MiKTeX 2.9\tex\latex\graphics-cfg\color.cfg"
File: color.cfg 2016/01/02 v1.6 sample color configuration
)
Package xcolor Info: Driver file: pdftex.def on input line 225.
Package xcolor Info: Model `cmy' substituted by `cmy0' on input line 1348.
Package xcolor Info: Model `hsb' substituted by `rgb' on input line 1352.
Package xcolor Info: Model `RGB' extended on input line 1364.
Package xcolor Info: Model `HTML' substituted by `rgb' on input line 1366.
Package xcolor Info: Model `Hsb' substituted by `hsb' on input line 1367.
Package xcolor Info: Model `tHsb' substituted by `hsb' on input line 1368.
Package xcolor Info: Model `HSB' substituted by `hsb' on input line 1369.
Package xcolor Info: Model `Gray' substituted by `gray' on input line 1370.
Package xcolor Info: Model `wave' substituted by `hsb' on input line 1371.
)
("E:\Programs\MiKTeX 2.9\tex\generic\pgf\basiclayer\pgfcore.code.tex"
Package: pgfcore 2010/04/11 v3.0.1a (rcs-revision 1.7)

("E:\Programs\MiKTeX 2.9\tex\generic\pgf\math\pgfmath.code.tex"
("E:\Programs\MiKTeX 2.9\tex\generic\pgf\math\pgfmathcalc.code.tex"
("E:\Programs\MiKTeX 2.9\tex\generic\pgf\math\pgfmathutil.code.tex")
("E:\Programs\MiKTeX 2.9\tex\generic\pgf\math\pgfmathparser.code.tex"
\pgfmath@dimen=\dimen124
\pgfmath@count=\count112
\pgfmath@box=\box29
\pgfmath@toks=\toks26
\pgfmath@stack@operand=\toks27
\pgfmath@stack@operation=\toks28
)
("E:\Programs\MiKTeX 2.9\tex\generic\pgf\math\pgfmathfunctions.code.tex"
("E:\Programs\MiKTeX 2.9\tex\generic\pgf\math\pgfmathfunctions.basic.code.tex")

("E:\Programs\MiKTeX 2.9\tex\generic\pgf\math\pgfmathfunctions.trigonometric.co
de.tex")
("E:\Programs\MiKTeX 2.9\tex\generic\pgf\math\pgfmathfunctions.random.code.tex"
)
("E:\Programs\MiKTeX 2.9\tex\generic\pgf\math\pgfmathfunctions.comparison.code.
tex")
("E:\Programs\MiKTeX 2.9\tex\generic\pgf\math\pgfmathfunctions.base.code.tex")
("E:\Programs\MiKTeX 2.9\tex\generic\pgf\math\pgfmathfunctions.round.code.tex")
("E:\Programs\MiKTeX 2.9\tex\generic\pgf\math\pgfmathfunctions.misc.code.tex")
("E:\Programs\MiKTeX 2.9\tex\generic\pgf\math\pgfmathfunctions.integerarithmeti
cs.code.tex")))
("E:\Programs\MiKTeX 2.9\tex\generic\pgf\math\pgfmathfloat.code.tex"
\c@pgfmathroundto@lastzeros=\count113
))
("E:\Programs\MiKTeX 2.9\tex\generic\pgf\basiclayer\pgfcorepoints.code.tex"
File: pgfcorepoints.code.tex 2013/10/07  (rcs-revision 1.27)
\pgf@picminx=\dimen125
\pgf@picmaxx=\dimen126
\pgf@picminy=\dimen127
\pgf@picmaxy=\dimen128
\pgf@pathminx=\dimen129
\pgf@pathmaxx=\dimen130
\pgf@pathminy=\dimen131
\pgf@pathmaxy=\dimen132
\pgf@xx=\dimen133
\pgf@xy=\dimen134
\pgf@yx=\dimen135
\pgf@yy=\dimen136
\pgf@zx=\dimen137
\pgf@zy=\dimen138
)
("E:\Programs\MiKTeX 2.9\tex\generic\pgf\basiclayer\pgfcorepathconstruct.code.t
ex"
File: pgfcorepathconstruct.code.tex 2013/10/07  (rcs-revision 1.29)
\pgf@path@lastx=\dimen139
\pgf@path@lasty=\dimen140
)
("E:\Programs\MiKTeX 2.9\tex\generic\pgf\basiclayer\pgfcorepathusage.code.tex"
File: pgfcorepathusage.code.tex 2014/11/02  (rcs-revision 1.24)
\pgf@shorten@end@additional=\dimen141
\pgf@shorten@start@additional=\dimen142
) ("E:\Programs\MiKTeX 2.9\tex\generic\pgf\basiclayer\pgfcorescopes.code.tex"
File: pgfcorescopes.code.tex 2015/05/08  (rcs-revision 1.46)
\pgfpic=\box30
\pgf@hbox=\box31
\pgf@layerbox@main=\box32
\pgf@picture@serial@count=\count114
)
("E:\Programs\MiKTeX 2.9\tex\generic\pgf\basiclayer\pgfcoregraphicstate.code.te
x"
File: pgfcoregraphicstate.code.tex 2014/11/02  (rcs-revision 1.12)
\pgflinewidth=\dimen143
)
("E:\Programs\MiKTeX 2.9\tex\generic\pgf\basiclayer\pgfcoretransformations.code
.tex"
File: pgfcoretransformations.code.tex 2015/08/07  (rcs-revision 1.20)
\pgf@pt@x=\dimen144
\pgf@pt@y=\dimen145
\pgf@pt@temp=\dimen146
) ("E:\Programs\MiKTeX 2.9\tex\generic\pgf\basiclayer\pgfcorequick.code.tex"
File: pgfcorequick.code.tex 2008/10/09  (rcs-revision 1.3)
) ("E:\Programs\MiKTeX 2.9\tex\generic\pgf\basiclayer\pgfcoreobjects.code.tex"
File: pgfcoreobjects.code.tex 2006/10/11  (rcs-revision 1.2)
)
("E:\Programs\MiKTeX 2.9\tex\generic\pgf\basiclayer\pgfcorepathprocessing.code.
tex"
File: pgfcorepathprocessing.code.tex 2013/09/09  (rcs-revision 1.9)
) ("E:\Programs\MiKTeX 2.9\tex\generic\pgf\basiclayer\pgfcorearrows.code.tex"
File: pgfcorearrows.code.tex 2015/05/14  (rcs-revision 1.43)
\pgfarrowsep=\dimen147
) ("E:\Programs\MiKTeX 2.9\tex\generic\pgf\basiclayer\pgfcoreshade.code.tex"
File: pgfcoreshade.code.tex 2013/07/15  (rcs-revision 1.15)
\pgf@max=\dimen148
\pgf@sys@shading@range@num=\count115
) ("E:\Programs\MiKTeX 2.9\tex\generic\pgf\basiclayer\pgfcoreimage.code.tex"
File: pgfcoreimage.code.tex 2013/07/15  (rcs-revision 1.18)

("E:\Programs\MiKTeX 2.9\tex\generic\pgf\basiclayer\pgfcoreexternal.code.tex"
File: pgfcoreexternal.code.tex 2014/07/09  (rcs-revision 1.21)
\pgfexternal@startupbox=\box33
)) ("E:\Programs\MiKTeX 2.9\tex\generic\pgf\basiclayer\pgfcorelayers.code.tex"
File: pgfcorelayers.code.tex 2013/07/18  (rcs-revision 1.7)
)
("E:\Programs\MiKTeX 2.9\tex\generic\pgf\basiclayer\pgfcoretransparency.code.te
x"
File: pgfcoretransparency.code.tex 2013/09/30  (rcs-revision 1.5)
) ("E:\Programs\MiKTeX 2.9\tex\generic\pgf\basiclayer\pgfcorepatterns.code.tex"
File: pgfcorepatterns.code.tex 2013/11/07  (rcs-revision 1.5)
))) ("E:\Programs\MiKTeX 2.9\tex\generic\pgf\modules\pgfmoduleshapes.code.tex"
File: pgfmoduleshapes.code.tex 2014/03/21  (rcs-revision 1.35)
\pgfnodeparttextbox=\box34
) ("E:\Programs\MiKTeX 2.9\tex\generic\pgf\modules\pgfmoduleplot.code.tex"
File: pgfmoduleplot.code.tex 2015/08/03  (rcs-revision 1.13)
)
("E:\Programs\MiKTeX 2.9\tex\latex\pgf\compatibility\pgfcomp-version-0-65.sty"
Package: pgfcomp-version-0-65 2007/07/03 v3.0.1a (rcs-revision 1.7)
\pgf@nodesepstart=\dimen149
\pgf@nodesepend=\dimen150
) ("E:\Programs\MiKTeX 2.9\tex\latex\pgf\compatibility\pgfcomp-version-1-18.sty
"
Package: pgfcomp-version-1-18 2007/07/23 v3.0.1a (rcs-revision 1.1)
)) ("E:\Programs\MiKTeX 2.9\tex\latex\pgf\utilities\pgffor.sty"
("E:\Programs\MiKTeX 2.9\tex\latex\pgf\utilities\pgfkeys.sty"
("E:\Programs\MiKTeX 2.9\tex\generic\pgf\utilities\pgfkeys.code.tex"))
("E:\Programs\MiKTeX 2.9\tex\latex\pgf\math\pgfmath.sty"
("E:\Programs\MiKTeX 2.9\tex\generic\pgf\math\pgfmath.code.tex"))
("E:\Programs\MiKTeX 2.9\tex\generic\pgf\utilities\pgffor.code.tex"
Package: pgffor 2013/12/13 v3.0.1a (rcs-revision 1.25)

("E:\Programs\MiKTeX 2.9\tex\generic\pgf\math\pgfmath.code.tex")
\pgffor@iter=\dimen151
\pgffor@skip=\dimen152
\pgffor@stack=\toks29
\pgffor@toks=\toks30
))
("E:\Programs\MiKTeX 2.9\tex\generic\pgf\frontendlayer\tikz\tikz.code.tex"
Package: tikz 2015/08/07 v3.0.1a (rcs-revision 1.151)

("E:\Programs\MiKTeX 2.9\tex\generic\pgf\libraries\pgflibraryplothandlers.code.
tex"
File: pgflibraryplothandlers.code.tex 2013/08/31 v3.0.1a (rcs-revision 1.20)
\pgf@plot@mark@count=\count116
\pgfplotmarksize=\dimen153
)
\tikz@lastx=\dimen154
\tikz@lasty=\dimen155
\tikz@lastxsaved=\dimen156
\tikz@lastysaved=\dimen157
\tikzleveldistance=\dimen158
\tikzsiblingdistance=\dimen159
\tikz@figbox=\box35
\tikz@figbox@bg=\box36
\tikz@tempbox=\box37
\tikz@tempbox@bg=\box38
\tikztreelevel=\count117
\tikznumberofchildren=\count118
\tikznumberofcurrentchild=\count119
\tikz@fig@count=\count120
 ("E:\Programs\MiKTeX 2.9\tex\generic\pgf\modules\pgfmodulematrix.code.tex"
File: pgfmodulematrix.code.tex 2013/09/17  (rcs-revision 1.8)
\pgfmatrixcurrentrow=\count121
\pgfmatrixcurrentcolumn=\count122
\pgf@matrix@numberofcolumns=\count123
)
\tikz@expandcount=\count124

("E:\Programs\MiKTeX 2.9\tex\generic\pgf\frontendlayer\tikz\libraries\tikzlibra
rytopaths.code.tex"
File: tikzlibrarytopaths.code.tex 2008/06/17 v3.0.1a (rcs-revision 1.2)
)))
("E:\Programs\MiKTeX 2.9\tex\latex\l3packages\xparse\xparse.sty"
("E:\Programs\MiKTeX 2.9\tex\latex\l3kernel\expl3.sty"
Package: expl3 2018-04-30 L3 programming layer (loader) 

("E:\Programs\MiKTeX 2.9\tex\latex\l3kernel\expl3-code.tex"
Package: expl3 2018-04-30 L3 programming layer (code)
\c_max_int=\count125
\l_tmpa_int=\count126
\l_tmpb_int=\count127
\g_tmpa_int=\count128
\g_tmpb_int=\count129
\g__kernel_prg_map_int=\count130
\c_log_iow=\count131
\l_iow_line_count_int=\count132
\l__iow_line_target_int=\count133
\l__iow_one_indent_int=\count134
\l__iow_indent_int=\count135
\c_zero_dim=\dimen160
\c_max_dim=\dimen161
\l_tmpa_dim=\dimen162
\l_tmpb_dim=\dimen163
\g_tmpa_dim=\dimen164
\g_tmpb_dim=\dimen165
\c_zero_skip=\skip49
\c_max_skip=\skip50
\l_tmpa_skip=\skip51
\l_tmpb_skip=\skip52
\g_tmpa_skip=\skip53
\g_tmpb_skip=\skip54
\c_zero_muskip=\muskip11
\c_max_muskip=\muskip12
\l_tmpa_muskip=\muskip13
\l_tmpb_muskip=\muskip14
\g_tmpa_muskip=\muskip15
\g_tmpb_muskip=\muskip16
\l_keys_choice_int=\count136
\c__fp_leading_shift_int=\count137
\c__fp_middle_shift_int=\count138
\c__fp_trailing_shift_int=\count139
\c__fp_big_leading_shift_int=\count140
\c__fp_big_middle_shift_int=\count141
\c__fp_big_trailing_shift_int=\count142
\c__fp_Bigg_leading_shift_int=\count143
\c__fp_Bigg_middle_shift_int=\count144
\c__fp_Bigg_trailing_shift_int=\count145
\c__fp_rand_size_int=\count146
\c__fp_rand_four_int=\count147
\c__fp_rand_eight_int=\count148
\c__intarray_sp_dim=\dimen166
\g__intarray_font_int=\count149
\l__sort_length_int=\count150
\l__sort_min_int=\count151
\l__sort_top_int=\count152
\l__sort_max_int=\count153
\l__sort_true_max_int=\count154
\l__sort_block_int=\count155
\l__sort_begin_int=\count156
\l__sort_end_int=\count157
\l__sort_A_int=\count158
\l__sort_B_int=\count159
\l__sort_C_int=\count160
\l__tl_analysis_normal_int=\count161
\l__tl_analysis_index_int=\count162
\l__tl_analysis_nesting_int=\count163
\l__tl_analysis_type_int=\count164
\l__regex_internal_a_int=\count165
\l__regex_internal_b_int=\count166
\l__regex_internal_c_int=\count167
\l__regex_balance_int=\count168
\l__regex_group_level_int=\count169
\l__regex_mode_int=\count170
\c__regex_cs_in_class_mode_int=\count171
\c__regex_cs_mode_int=\count172
\l__regex_catcodes_int=\count173
\l__regex_default_catcodes_int=\count174
\c__regex_catcode_D_int=\count175
\c__regex_catcode_S_int=\count176
\c__regex_catcode_L_int=\count177
\c__regex_catcode_O_int=\count178
\c__regex_catcode_A_int=\count179
\c__regex_all_catcodes_int=\count180
\l__regex_show_lines_int=\count181
\l__regex_min_state_int=\count182
\l__regex_max_state_int=\count183
\l__regex_left_state_int=\count184
\l__regex_right_state_int=\count185
\l__regex_capturing_group_int=\count186
\l__regex_min_pos_int=\count187
\l__regex_max_pos_int=\count188
\l__regex_curr_pos_int=\count189
\l__regex_start_pos_int=\count190
\l__regex_success_pos_int=\count191
\l__regex_curr_char_int=\count192
\l__regex_curr_catcode_int=\count193
\l__regex_last_char_int=\count194
\l__regex_case_changed_char_int=\count195
\l__regex_curr_state_int=\count196
\l__regex_step_int=\count197
\l__regex_min_active_int=\count198
\l__regex_max_active_int=\count199
\l__regex_replacement_csnames_int=\count266
\l__regex_match_count_int=\count267
\l__regex_min_submatch_int=\count268
\l__regex_submatch_int=\count269
\l__regex_zeroth_submatch_int=\count270
\g__regex_trace_regex_int=\count271
\c_empty_box=\box39
\l_tmpa_box=\box40
\l_tmpb_box=\box41
\g_tmpa_box=\box42
\g_tmpb_box=\box43
\l__box_top_dim=\dimen167
\l__box_bottom_dim=\dimen168
\l__box_left_dim=\dimen169
\l__box_right_dim=\dimen170
\l__box_top_new_dim=\dimen171
\l__box_bottom_new_dim=\dimen172
\l__box_left_new_dim=\dimen173
\l__box_right_new_dim=\dimen174
\l__box_internal_box=\box44
\l__coffin_internal_box=\box45
\l__coffin_internal_dim=\dimen175
\l__coffin_offset_x_dim=\dimen176
\l__coffin_offset_y_dim=\dimen177
\l__coffin_x_dim=\dimen178
\l__coffin_y_dim=\dimen179
\l__coffin_x_prime_dim=\dimen180
\l__coffin_y_prime_dim=\dimen181
\c_empty_coffin=\box46
\l__coffin_aligned_coffin=\box47
\l__coffin_aligned_internal_coffin=\box48
\l_tmpa_coffin=\box49
\l_tmpb_coffin=\box50
\l__coffin_display_coffin=\box51
\l__coffin_display_coord_coffin=\box52
\l__coffin_display_pole_coffin=\box53
\l__coffin_display_offset_dim=\dimen182
\l__coffin_display_x_dim=\dimen183
\l__coffin_display_y_dim=\dimen184
\g__file_internal_ior=\read2
\l__coffin_bounding_shift_dim=\dimen185
\l__coffin_left_corner_dim=\dimen186
\l__coffin_right_corner_dim=\dimen187
\l__coffin_bottom_corner_dim=\dimen188
\l__coffin_top_corner_dim=\dimen189
\l__coffin_scaled_total_height_dim=\dimen190
\l__coffin_scaled_width_dim=\dimen191
\l__seq_internal_a_int=\count272
\l__seq_internal_b_int=\count273
)
("E:\Programs\MiKTeX 2.9\tex\latex\l3kernel\l3pdfmode.def"
File: l3pdfmode.def 2018-04-30 v L3 Experimental driver: PDF mode
\l__driver_color_stack_int=\count274
))
Package: xparse 2018-04-30 L3 Experimental document command parser
\l__xparse_current_arg_int=\count275
\g__xparse_grabber_int=\count276
\l__xparse_m_args_int=\count277
\l__xparse_mandatory_args_int=\count278
\l__xparse_v_nesting_int=\count279
)
\c@step=\count280
\c@stepstart=\count281
\c@stepstop=\count282
\c@yearstart=\count283
\c@yearstop=\count284
\c@deltayears=\count285
\xstart=\skip55
\xstop=\skip56
\unit=\skip57
\timelinewidth=\skip58
\timelinebox=\box54
.................................................
. LaTeX info: "xparse/define-command"
. 
. Defining command \event with sig. 'o m m' on line 97.
.................................................
)
("E:\Programs\MiKTeX 2.9\tex\latex\epigraph\epigraph.sty"
Package: epigraph 2009/09/02 v1.5c typesetting epigraphs
\beforeepigraphskip=\skip59
\afterepigraphskip=\skip60
\epigraphwidth=\skip61
\epigraphrule=\skip62
)
("E:\Programs\MiKTeX 2.9\tex\latex\amsmath\amsmath.sty"
Package: amsmath 2017/09/02 v2.17a AMS math features
\@mathmargin=\skip63

For additional information on amsmath, use the `?' option.
("E:\Programs\MiKTeX 2.9\tex\latex\amsmath\amstext.sty"
Package: amstext 2000/06/29 v2.01 AMS text

("E:\Programs\MiKTeX 2.9\tex\latex\amsmath\amsgen.sty"
File: amsgen.sty 1999/11/30 v2.0 generic functions
\@emptytoks=\toks31
\ex@=\dimen192
))
("E:\Programs\MiKTeX 2.9\tex\latex\amsmath\amsbsy.sty"
Package: amsbsy 1999/11/29 v1.2d Bold Symbols
\pmbraise@=\dimen193
)
("E:\Programs\MiKTeX 2.9\tex\latex\amsmath\amsopn.sty"
Package: amsopn 2016/03/08 v2.02 operator names
)
\inf@bad=\count286
LaTeX Info: Redefining \frac on input line 213.
\uproot@=\count287
\leftroot@=\count288
LaTeX Info: Redefining \overline on input line 375.
\classnum@=\count289
\DOTSCASE@=\count290
LaTeX Info: Redefining \ldots on input line 472.
LaTeX Info: Redefining \dots on input line 475.
LaTeX Info: Redefining \cdots on input line 596.
\Mathstrutbox@=\box55
\strutbox@=\box56
\big@size=\dimen194
LaTeX Font Info:    Redeclaring font encoding OML on input line 712.
LaTeX Font Info:    Redeclaring font encoding OMS on input line 713.
\macc@depth=\count291
\c@MaxMatrixCols=\count292
\dotsspace@=\muskip17
\c@parentequation=\count293
\dspbrk@lvl=\count294
\tag@help=\toks32
\row@=\count295
\column@=\count296
\maxfields@=\count297
\andhelp@=\toks33
\eqnshift@=\dimen195
\alignsep@=\dimen196
\tagshift@=\dimen197
\tagwidth@=\dimen198
\totwidth@=\dimen199
\lineht@=\dimen256
\@envbody=\toks34
\multlinegap=\skip64
\multlinetaggap=\skip65
\mathdisplay@stack=\toks35
LaTeX Info: Redefining \[ on input line 2817.
LaTeX Info: Redefining \] on input line 2818.
)
("E:\Programs\MiKTeX 2.9\tex\latex\amsfonts\amsfonts.sty"
Package: amsfonts 2013/01/14 v3.01 Basic AMSFonts support
\symAMSa=\mathgroup4
\symAMSb=\mathgroup5
LaTeX Font Info:    Overwriting math alphabet `\mathfrak' in version `bold'
(Font)                  U/euf/m/n --> U/euf/b/n on input line 106.
)
("E:\Programs\MiKTeX 2.9\tex\latex\amsfonts\amssymb.sty"
Package: amssymb 2013/01/14 v3.01 AMS font symbols
)
("E:\Programs\MiKTeX 2.9\tex\latex\subfig\subfig.sty"
Package: subfig 2005/06/28 ver: 1.3 subfig package

("E:\Programs\MiKTeX 2.9\tex\latex\caption\caption.sty"
Package: caption 2016/02/21 v3.3-144 Customizing captions (AR)

("E:\Programs\MiKTeX 2.9\tex\latex\caption\caption3.sty"
Package: caption3 2016/05/22 v1.7-166 caption3 kernel (AR)
Package caption3 Info: TeX engine: e-TeX on input line 67.
\captionmargin=\dimen257
\captionmargin@=\dimen258
\captionwidth=\dimen259
\caption@tempdima=\dimen260
\caption@indent=\dimen261
\caption@parindent=\dimen262
\caption@hangindent=\dimen263
)
\c@ContinuedFloat=\count298
Package caption Info: hyperref package is loaded.
)
\c@KVtest=\count299
\sf@farskip=\skip66
\sf@captopadj=\dimen264
\sf@capskip=\skip67
\sf@nearskip=\skip68
\c@subfigure=\count300
\c@subfigure@save=\count301
\c@lofdepth=\count302
\c@subtable=\count303
\c@subtable@save=\count304
\c@lotdepth=\count305
\sf@top=\skip69
\sf@bottom=\skip70
)
("E:\Programs\MiKTeX 2.9\tex\latex\tcolorbox\tcolorbox.sty"
Package: tcolorbox 2018/03/22 version 4.13 text color boxes

("E:\Programs\MiKTeX 2.9\tex\latex\tools\verbatim.sty"
Package: verbatim 2014/10/28 v1.5q LaTeX2e package for verbatim enhancements
\every@verbatim=\toks36
\verbatim@line=\toks37
\verbatim@in@stream=\read3
)
("E:\Programs\MiKTeX 2.9\tex\latex\environ\environ.sty"
Package: environ 2014/05/04 v0.3 A new way to define environments

("E:\Programs\MiKTeX 2.9\tex\latex\trimspaces\trimspaces.sty"
Package: trimspaces 2009/09/17 v1.1 Trim spaces around a token list
))
("E:\Programs\MiKTeX 2.9\tex\latex\etoolbox\etoolbox.sty"
Package: etoolbox 2018/02/11 v2.5e e-TeX tools for LaTeX (JAW)
\etb@tempcnta=\count306
)
\tcb@titlebox=\box57
\tcb@upperbox=\box58
\tcb@lowerbox=\box59
\tcb@phantombox=\box60
\c@tcbbreakpart=\count307
\c@tcblayer=\count308
\tcolorbox@number=\count309
\tcb@temp=\box61
\tcb@temp=\box62
\tcb@temp=\box63
\tcb@temp=\box64
\tcb@out=\write4
\tcb@record@out=\write5

("E:\Programs\MiKTeX 2.9\tex\latex\tcolorbox\tcbraster.code.tex"
Library (tcolorbox): 'tcbraster.code.tex' version '4.13'
\c@tcbrastercolumn=\count310
\c@tcbrasterrow=\count311
\c@tcbraster=\count312
) ("E:\Programs\MiKTeX 2.9\tex\latex\tcolorbox\tcbskins.code.tex"
Library (tcolorbox): 'tcbskins.code.tex' version '4.13'
\tcb@waterbox=\box65
("E:\Programs\MiKTeX 2.9\tex\latex\tcolorbox\tcbskinsjigsaw.code.tex"
Library (tcolorbox): 'tcbskinsjigsaw.code.tex' version '4.13'
)) ("E:\Programs\MiKTeX 2.9\tex\latex\tcolorbox\tcbbreakable.code.tex"
Library (tcolorbox): 'tcbbreakable.code.tex' version '4.13'
\tcb@testbox=\box66
\tcb@totalupperbox=\box67
\tcb@totallowerbox=\box68
) ("E:\Programs\MiKTeX 2.9\tex\latex\tcolorbox\tcbhooks.code.tex"
Library (tcolorbox): 'tcbhooks.code.tex' version '4.13'
) ("E:\Programs\MiKTeX 2.9\tex\latex\tcolorbox\tcbtheorems.code.tex"
Library (tcolorbox): 'tcbtheorems.code.tex' version '4.13'
) ("E:\Programs\MiKTeX 2.9\tex\latex\tcolorbox\tcbfitting.code.tex"
Library (tcolorbox): 'tcbfitting.code.tex' version '4.13'
\tcbfitdim=\dimen265
\tcb@lowerfitdim=\dimen266
\tcb@upperfitdim=\dimen267
\tcb@cur@hbadness=\count313
) ("E:\Programs\MiKTeX 2.9\tex\latex\tcolorbox\tcbxparse.code.tex"
Library (tcolorbox): 'tcbxparse.code.tex' version '4.13'
.................................................
. LaTeX info: "xparse/define-command"
. 
. Defining command \tcboxverb with sig. ' O{} v ' on line 128.
.................................................
.................................................
. LaTeX info: "xparse/define-command"
. 
. Defining command \tcbsidebyside with sig. ' +O{} +m +m ' on line 280.
.................................................
)) ("E:\Programs\MiKTeX 2.9\tex\latex\marginnote\marginnote.sty"
Package: marginnote 2018/04/13 v1.3 non floating margin notes for LaTeX
\c@mn@abspage=\count314
)
("E:\Programs\MiKTeX 2.9\tex\latex\kantlipsum\kantlipsum.sty"
Package: kantlipsum 2017/11/16 v0.7 Generate text in Kantian style
\l__kgl_start_int=\count315
\l__kgl_end_int=\count316
.................................................
. LaTeX info: "xparse/define-command"
. 
. Defining command \kant with sig. 's>{\SplitArgument {1}{-}}O{1-7}' on line
. 76.
.................................................
.................................................
. LaTeX info: "xparse/define-command"
. 
. Defining command \kantdef with sig. 'mm' on line 91.
.................................................
.................................................
. kantlipsum info: "how-many"
. 
. The package provides paragraphs 1 to 164. Values outside this range will be
. ignored.
.................................................
)
("E:\Programs\MiKTeX 2.9\tex\latex\eso-pic\eso-pic.sty"
Package: eso-pic 2015/07/21 v2.0g eso-pic (RN)
) (Thesis.aux
LaTeX Info: Redefining \. on input line 26.
LaTeX Info: Redefining \% on input line 26.

(Chapters/Chapter_acronyms.aux) (Chapters/Chapter00.aux)
(Chapters/Chapter01.aux) (Chapters/Chapter02.aux) (Chapters/Chapter03.aux)
(Chapters/Chapter04.aux

LaTeX Warning: Label `figure1' multiply defined.


LaTeX Warning: Label `figure1' multiply defined.

) (Chapters/Chapter05.aux) (Chapters/Chapter06.aux) (Chapters/Chapter07.aux)
(Chapters/Chapter0A.aux) (Chapters/Chapter0B.aux) (Chapters/Chapter0C.aux))
\openout1 = `Thesis.aux'.

LaTeX Font Info:    Checking defaults for OML/cmm/m/it on input line 67.
LaTeX Font Info:    ... okay on input line 67.
LaTeX Font Info:    Checking defaults for T1/cmr/m/n on input line 67.
LaTeX Font Info:    ... okay on input line 67.
LaTeX Font Info:    Checking defaults for OT1/cmr/m/n on input line 67.
LaTeX Font Info:    ... okay on input line 67.
LaTeX Font Info:    Checking defaults for OMS/cmsy/m/n on input line 67.
LaTeX Font Info:    ... okay on input line 67.
LaTeX Font Info:    Checking defaults for OMX/cmex/m/n on input line 67.
LaTeX Font Info:    ... okay on input line 67.
LaTeX Font Info:    Checking defaults for U/cmr/m/n on input line 67.
LaTeX Font Info:    ... okay on input line 67.
LaTeX Font Info:    Checking defaults for PD1/pdf/m/n on input line 67.
LaTeX Font Info:    ... okay on input line 67.
\AtBeginShipoutBox=\box69
Package hyperref Info: Link coloring OFF on input line 67.

("E:\Programs\MiKTeX 2.9\tex\latex\hyperref\nameref.sty"
Package: nameref 2016/05/21 v2.44 Cross-referencing by name of section

("E:\Programs\MiKTeX 2.9\tex\generic\oberdiek\gettitlestring.sty"
Package: gettitlestring 2016/05/16 v1.5 Cleanup title references (HO)
)
\c@section@level=\count317
)
LaTeX Info: Redefining \ref on input line 67.
LaTeX Info: Redefining \pageref on input line 67.
LaTeX Info: Redefining \nameref on input line 67.
 (Thesis.out) (Thesis.out)
\@outlinefile=\write6
\openout6 = `Thesis.out'.

 ABD: EveryShipout initializing macros
("E:\Programs\MiKTeX 2.9\tex\context\base\supp-pdf.mkii"
[Loading MPS to PDF converter (version 2006.09.02).]
\scratchcounter=\count318
\scratchdimen=\dimen268
\scratchbox=\box70
\nofMPsegments=\count319
\nofMParguments=\count320
\everyMPshowfont=\toks38
\MPscratchCnt=\count321
\MPscratchDim=\dimen269
\MPnumerator=\count322
\makeMPintoPDFobject=\count323
\everyMPtoPDFconversion=\toks39
) ("E:\Programs\MiKTeX 2.9\tex\latex\oberdiek\epstopdf-base.sty"
Package: epstopdf-base 2016/05/15 v2.6 Base part for package epstopdf

("E:\Programs\MiKTeX 2.9\tex\latex\oberdiek\grfext.sty"
Package: grfext 2016/05/16 v1.2 Manage graphics extensions (HO)
)
Package epstopdf-base Info: Redefining graphics rule for `.eps' on input line 4
38.
Package grfext Info: Graphics extension search list:
(grfext)             [.pdf,.png,.jpg,.mps,.jpeg,.jbig2,.jb2,.PDF,.PNG,.JPG,.JPE
G,.JBIG2,.JB2,.eps]
(grfext)             \AppendGraphicsExtensions on input line 456.
)
Package caption Info: Begin \AtBeginDocument code.
Package caption Info: subfig package v1.3 is loaded.
Package caption Info: End \AtBeginDocument code.

Unavoidable over/underfulls may occur in the first
few pages of dalthesis. These can usually be ignored.
However, if uncorrectable errors occur, notify staff.
LaTeX Info: Redefining \\ on input line 122.
LaTeX Info: Redefining \\ on input line 122.
LaTeX Info: Redefining \\ on input line 122.
LaTeX Info: Redefining \\ on input line 122.
LaTeX Info: Redefining \\ on input line 122.
LaTeX Font Info:    Try loading font information for OMS+cmr on input line 122.

("E:\Programs\MiKTeX 2.9\tex\latex\base\omscmr.fd"
File: omscmr.fd 2014/09/29 v2.5h Standard LaTeX font definitions
)
LaTeX Font Info:    Font shape `OMS/cmr/m/n' in size <10.95> not available
(Font)              Font shape `OMS/cmsy/m/n' tried instead on input line 122.
<images/itbalogoshaded.png, id=97, 597.432pt x 293.6571pt>
File: images/itbalogoshaded.png Graphic file (type png)
<use images/itbalogoshaded.png>
Package pdftex.def Info: images/itbalogoshaded.png  used on input line 122.
(pdftex.def)             Requested size: 552.86174pt x 271.77196pt.
 [1

{C:/Users/User/AppData/Local/MiKTeX/2.9/pdftex/config/pdftex.map} <./images/itb
alogoshaded.png>]
LaTeX Info: Redefining \\ on input line 122.
LaTeX Info: Redefining \\ on input line 122.

[2

]
LaTeX Info: Redefining \\ on input line 122.

Underfull \hbox (badness 10000) in paragraph at lines 122--122

 []


Overfull \hbox (8.26959pt too wide) in paragraph at lines 122--122
\OT1/cmr/m/n/10 leyes de propiedad in-t-elec-tual men-cionado o in-clu-ido en l
a tesis (ex-cepto pasajes cor-tos, tran-scrip-ciones,
 []

[3

] [4

] (Thesis.toc
LaTeX Info: Redefining \. on input line 3.
LaTeX Info: Redefining \% on input line 3.
LaTeX Font Info:    Try loading font information for U+msa on input line 11.
 ("E:\Programs\MiKTeX 2.9\tex\latex\amsfonts\umsa.fd"
File: umsa.fd 2013/01/14 v3.01 AMS symbols A
)
LaTeX Font Info:    Try loading font information for U+msb on input line 11.

("E:\Programs\MiKTeX 2.9\tex\latex\amsfonts\umsb.fd"
File: umsb.fd 2013/01/14 v3.01 AMS symbols B
) [5


])
\tf@toc=\write7
\openout7 = `Thesis.toc'.

 [6]
\ab@page=\count324

Underfull \vbox (badness 10000) has occurred while \output is active []

 [7


]

Class dalthesis Warning: Abstract longer than one page.

[8] [9]
LaTeX Info: Redefining \. on input line 148.
LaTeX Info: Redefining \% on input line 148.
\ab@page=\count325
 [10

]

LaTeX Warning: Citation `Wolpaw2002' on page xi undefined on input line 154.


LaTeX Warning: Citation `Allison' on page xi undefined on input line 156.


LaTeX Warning: Citation `Parasuraman2008' on page xi undefined on input line 15
6.


LaTeX Warning: Citation `bookbci' on page xi undefined on input line 156.


LaTeX Warning: Citation `Cherubini2007' on page xi undefined on input line 156.



LaTeX Warning: Citation `Tonin2009' on page xi undefined on input line 156.


LaTeX Warning: Citation `Hirata2008' on page xi undefined on input line 156.


LaTeX Warning: Citation `Pfurtscheller2010' on page xi undefined on input line 
158.


Class dalthesis Warning: Abstract longer than one page.

[11] [12

] [13] [14

] [15]
\openout2 = `Chapters/Chapter_acronyms.aux'.

 (Chapters/Chapter_acronyms.tex [16


]
Underfull \hbox (badness 10000) in paragraph at lines 3--4

 []

) [17] [18


] (Thesis.lot
LaTeX Info: Redefining \. on input line 2.
LaTeX Info: Redefining \% on input line 2.
)
\tf@lot=\write8
\openout8 = `Thesis.lot'.

 [19] [20

] (Thesis.lof
LaTeX Info: Redefining \. on input line 2.
LaTeX Info: Redefining \% on input line 2.
)
\tf@lof=\write9
\openout9 = `Thesis.lof'.

 [21]
Dalthesis preface pages completed.
[1]
\openout2 = `Chapters/Chapter00.aux'.

 (Chapters/Chapter00.tex [2


]

LaTeX Warning: Citation `LOTTE RAO WOLPAW' on page 3 undefined on input line 11
.

[3]

LaTeX Warning: Citation `RAOPaperNatureBCIBOOK' on page 4 undefined on input li
ne 13.


LaTeX Warning: Citation `REF' on page 4 undefined on input line 13.


LaTeX Warning: Citation `Hartman2005' on page 4 undefined on input line 19.


LaTeX Warning: Citation `Schomer2010' on page 4 undefined on input line 19.


LaTeX Warning: Citation `Hartman2005' on page 4 undefined on input line 19.


LaTeX Warning: Citation `Jansen1991' on page 4 undefined on input line 21.


LaTeX Warning: Citation `Yuste2017' on page 4 undefined on input line 21.


LaTeX Warning: Citation `Guger2017' on page 4 undefined on input line 21.


Underfull \vbox (badness 4353) has occurred while \output is active []

 [4]

LaTeX Warning: Reference `chapter:one' on page 5 undefined on input line 33.


LaTeX Warning: Reference `chapter:two' on page 5 undefined on input line 33.


LaTeX Warning: Reference `chapter:four' on page 5 undefined on input line 33.


LaTeX Warning: Reference `chapter:five' on page 5 undefined on input line 34.


LaTeX Warning: Reference `chapter:six' on page 5 undefined on input line 34.


LaTeX Warning: Reference `chapter:seven' on page 5 undefined on input line 34.


LaTeX Warning: Reference `chapter:nine' on page 5 undefined on input line 34.

[5]) [6]
\openout2 = `Chapters/Chapter01.aux'.

 (Chapters/Chapter01.tex
Chapter 1.

Underfull \vbox (badness 10000) has occurred while \output is active []

 [7



]
[8]

LaTeX Warning: Citation `Carlson2013' on page 9 undefined on input line 63.


LaTeX Warning: Citation `Guger2009a' on page 9 undefined on input line 63.


LaTeX Warning: Citation `Lotte2013' on page 9 undefined on input line 63.


LaTeX Warning: Citation `Jure2016' on page 9 undefined on input line 63.


LaTeX Warning: Citation `Clerc' on page 9 undefined on input line 65.

[9]

LaTeX Warning: Citation `Clerc' on page 10 undefined on input line 67.


LaTeX Warning: Citation `Riener2014' on page 10 undefined on input line 69.


LaTeX Warning: Citation `Guger2017' on page 10 undefined on input line 69.


LaTeX Warning: Citation `Huggins2016' on page 10 undefined on input line 69.


LaTeX Warning: Citation `Clerc' on page 10 undefined on input line 69.

) [10]
\openout2 = `Chapters/Chapter02.aux'.

 (Chapters/Chapter02.tex
Chapter 2.
[11



]
Overfull \hbox (9.05298pt too wide) in paragraph at lines 53--54
\OT1/cmr/m/n/10.95 where the min-i-miza-tion and max-i-miza-tion are car-ried o
ut for $\OML/cmm/m/it/10.95 n$ \OT1/cmr/m/n/10.95 vary-ing be-tween $[]$. 
 []


LaTeX Warning: Citation `Bresenham1965' on page 12 undefined on input line 55.


LaTeX Warning: Citation `Ramele2016' on page 12 undefined on input line 55.

[12]) [13]
\openout2 = `Chapters/Chapter03.aux'.

 (Chapters/Chapter03.tex [14



]
Chapter 3.

LaTeX Warning: Citation `Lowe2004' on page 15 undefined on input line 20.


LaTeX Warning: Citation `cogprints561' on page 15 undefined on input line 20.

[15]

LaTeX Warning: Citation `Lowe2004' on page 16 undefined on input line 30.


LaTeX Warning: Citation `Vedaldi2010' on page 16 undefined on input line 30.


Overfull \hbox (36.98682pt too wide) in paragraph at lines 30--31
\OT1/cmr/m/n/10.95 where $\OT1/cmr/bx/n/10.95 p$ \OT1/cmr/m/n/10.95 is a pixel 
from within the patch, $\OML/cmm/m/it/10.95 $ \OT1/cmr/m/n/10.95 is the an-gle
 bin with $\OML/cmm/m/it/10.95  \OMS/cmsy/m/n/10.95 2 f\OT1/cmr/m/n/10.95 0\OM
L/cmm/m/it/10.95 ; \OT1/cmr/m/n/10.95 45\OML/cmm/m/it/10.95 ; \OT1/cmr/m/n/10.9
5 90\OML/cmm/m/it/10.95 ; \OT1/cmr/m/n/10.95 135\OML/cmm/m/it/10.95 ; \OT1/cmr/
m/n/10.95 180\OML/cmm/m/it/10.95 ; \OT1/cmr/m/n/10.95 225\OML/cmm/m/it/10.95 ; 
\OT1/cmr/m/n/10.95 270\OML/cmm/m/it/10.95 ; \OT1/cmr/m/n/10.95 315\OMS/cmsy/m/n
/10.95 g$\OT1/cmr/m/n/10.95 ,
 []


LaTeX Warning: Reference `fig:sampledescriptor' on page 16 undefined on input l
ine 54.

) [16]
\openout2 = `Chapters/Chapter04.aux'.

 (Chapters/Chapter04.tex
Chapter 4.

LaTeX Warning: Citation `c3' on page 17 undefined on input line 8.


LaTeX Warning: Reference `psd' on page 17 undefined on input line 10.


LaTeX Warning: Citation `c3' on page 17 undefined on input line 22.


LaTeX Warning: Citation `c6' on page 17 undefined on input line 22.


LaTeX Warning: Citation `c11' on page 17 undefined on input line 22.


LaTeX Warning: Reference `psd' on page 17 undefined on input line 22.

<images/PSDExperiment1VsExperiment5.png, id=326, 421.575pt x 316.18124pt>
File: images/PSDExperiment1VsExperiment5.png Graphic file (type png)
<use images/PSDExperiment1VsExperiment5.png>
Package pdftex.def Info: images/PSDExperiment1VsExperiment5.png  used on input 
line 28.
(pdftex.def)             Requested size: 71.12645pt x 51.21239pt.
<images/s_1_e_1_c_7_4.png, id=327, 12.30849pt x 14.454pt>
File: images/s_1_e_1_c_7_4.png Graphic file (type png)
<use images/s_1_e_1_c_7_4.png>
Package pdftex.def Info: images/s_1_e_1_c_7_4.png  used on input line 29.
(pdftex.def)             Requested size: 142.39748pt x 51.21777pt.

LaTeX Warning: Citation `c11' on page 17 undefined on input line 34.

[17



]
Package epstopdf Info: Source file: <images/Dataset1AccuracyPerChannel.eps>
(epstopdf)                    date: 2018-05-10 19:03:38
(epstopdf)                    size: 9322 bytes
(epstopdf)             Output file: <images/Dataset1AccuracyPerChannel-eps-conv
erted-to.pdf>
(epstopdf)                    date: 2018-05-10 19:03:38
(epstopdf)                    size: 6183 bytes
(epstopdf)             Command: <epstopdf --outfile=images/Dataset1AccuracyPerC
hannel-eps-converted-to.pdf images/Dataset1AccuracyPerChannel.eps>
(epstopdf)             \includegraphics on input line 42.
Package epstopdf Info: Output file is already uptodate.
<images/Dataset1AccuracyPerChannel-eps-converted-to.pdf, id=332, 562.1pt x 421.
575pt>
File: images/Dataset1AccuracyPerChannel-eps-converted-to.pdf Graphic file (type
 pdf)
<use images/Dataset1AccuracyPerChannel-eps-converted-to.pdf>
Package pdftex.def Info: images/Dataset1AccuracyPerChannel-eps-converted-to.pdf
  used on input line 42.
(pdftex.def)             Requested size: 71.12859pt x 51.21078pt.
<images/AlphaWaveSampleEEG.png, id=333, 88.6512pt x 102.1416pt>
File: images/AlphaWaveSampleEEG.png Graphic file (type png)
<use images/AlphaWaveSampleEEG.png>
Package pdftex.def Info: images/AlphaWaveSampleEEG.png  used on input line 43.
(pdftex.def)             Requested size: 71.1334pt x 51.21405pt.
 [18 <./images/PSDExperiment1VsExperiment5.png (PNG copy)> <./images/s_1_e_1_c_
7_4.png>]
Package epstopdf Info: Source file: <images/DatasetPhysionetAccuracyPerChannel.
eps>
(epstopdf)                    date: 2018-05-10 19:03:38
(epstopdf)                    size: 13647 bytes
(epstopdf)             Output file: <images/DatasetPhysionetAccuracyPerChannel-
eps-converted-to.pdf>
(epstopdf)                    date: 2018-05-10 19:03:38
(epstopdf)                    size: 10313 bytes
(epstopdf)             Command: <epstopdf --outfile=images/DatasetPhysionetAccu
racyPerChannel-eps-converted-to.pdf images/DatasetPhysionetAccuracyPerChannel.e
ps>
(epstopdf)             \includegraphics on input line 58.
Package epstopdf Info: Output file is already uptodate.
<images/DatasetPhysionetAccuracyPerChannel-eps-converted-to.pdf, id=339, 420.57
124pt x 316.18124pt>
File: images/DatasetPhysionetAccuracyPerChannel-eps-converted-to.pdf Graphic fi
le (type pdf)
<use images/DatasetPhysionetAccuracyPerChannel-eps-converted-to.pdf>
Package pdftex.def Info: images/DatasetPhysionetAccuracyPerChannel-eps-converte
d-to.pdf  used on input line 58.
(pdftex.def)             Requested size: 71.13037pt x 51.21239pt.
Package epstopdf Info: Source file: <images/DatasetPhysionetBoxPlots.eps>
(epstopdf)                    date: 2018-05-10 19:03:38
(epstopdf)                    size: 9271 bytes
(epstopdf)             Output file: <images/DatasetPhysionetBoxPlots-eps-conver
ted-to.pdf>
(epstopdf)                    date: 2018-05-10 19:03:38
(epstopdf)                    size: 5859 bytes
(epstopdf)             Command: <epstopdf --outfile=images/DatasetPhysionetBoxP
lots-eps-converted-to.pdf images/DatasetPhysionetBoxPlots.eps>
(epstopdf)             \includegraphics on input line 59.
Package epstopdf Info: Output file is already uptodate.
<images/DatasetPhysionetBoxPlots-eps-converted-to.pdf, id=340, 420.57124pt x 31
6.18124pt>
File: images/DatasetPhysionetBoxPlots-eps-converted-to.pdf Graphic file (type p
df)
<use images/DatasetPhysionetBoxPlots-eps-converted-to.pdf>
Package pdftex.def Info: images/DatasetPhysionetBoxPlots-eps-converted-to.pdf  
used on input line 59.
(pdftex.def)             Requested size: 71.13037pt x 51.21239pt.


LaTeX Warning: Citation `c51' on page 19 undefined on input line 71.


LaTeX Warning: Citation `c52' on page 19 undefined on input line 71.


Underfull \vbox (badness 3668) has occurred while \output is active []

 [19 <./images/Dataset1AccuracyPerChannel-eps-converted-to.pdf> <./images/Alpha
WaveSampleEEG.png> <./images/DatasetPhysionetAccuracyPerChannel-eps-converted-t
o.pdf> <./images/DatasetPhysionetBoxPlots-eps-converted-to.pdf>]) [20]
\openout2 = `Chapters/Chapter05.aux'.


(Chapters/Chapter05.tex
Chapter 5.
) [21



]
\openout2 = `Chapters/Chapter06.aux'.

 (Chapters/Chapter06.tex [22



]
Chapter 6.
) [23]
\openout2 = `Chapters/Chapter07.aux'.

 (Chapters/Chapter07.tex [24



]
Chapter 7.

Overfull \hbox (1.73122pt too wide) in paragraph at lines 18--28
[]\OT1/cmr/m/n/10.95 In or-der to clas-sify each 30 sec-ond seg-ment of sleep a
c-cord-ing to the clas-si-cal [Rechtschaen
 []

) [25] [26


]
\openout2 = `Chapters/Chapter0A.aux'.

 (Chapters/Chapter0A.tex
Appendix A.

Overfull \hbox (26.27191pt too wide) in paragraph at lines 8--13
\OT1/cmr/m/n/10.95 leti []$\OT1/cmtt/m/n/10.95 http : / / cortex . loria . fr /
 Projects / STIC-[]AmSud-[]BCI$[]\OT1/cmr/m/n/10.95 , []$\OT1/cmtt/m/n/10.95 ht
tp : / / www . bioingenieria .
 []


Overfull \hbox (13.40926pt too wide) in paragraph at lines 8--13
\OT1/cmtt/m/n/10.95 edu . ar / postgrado / index . php ? option = com _ content
 & view = category & id = 72 & Itemid =
 []

[27


]
Overfull \hbox (103.80069pt too wide) in paragraph at lines 29--32
\OT1/cmr/m/n/10.95 bil-itacion, Ro-drigo Ramele []$\OT1/cmtt/m/n/10.95 http : 
/ / www . unsam . edu . ar / tss / controlar-[]maquinas-[]con-[]el-[]pensamient
o /
 []


Overfull \hbox (160.12645pt too wide) in paragraph at lines 32--35
\OT1/cmtt/m/n/10.95 electronicosonline . com / 2013 / 07 / 08 / crean-[]jovenes
-[]argentinos-[]interface-[]cerebral-[]para-[]discapacitados/$[]
 []


Overfull \hbox (12.25601pt too wide) in paragraph at lines 35--40
\OT1/cmtt/m/n/10.95 unlp . edu . ar / handle / 10915 / 3800631605$[] \OT1/cmr/m
/n/10.95 Tesis de Maestra de An-drea Noelia Bermudez
 []


Overfull \hbox (37.66066pt too wide) in paragraph at lines 52--54
[]\OT1/cmr/m/n/10.95 IBCN Sil-via Kochen []$\OT1/cmtt/m/n/10.95 http : / / www 
. ibcn . fmed . uba . ar / 200 _ grupos-[]lab-[]epilepsia-[]kochen .
 []

) [28]
\openout2 = `Chapters/Chapter0B.aux'.

 (Chapters/Chapter0B.tex
Appendix B.
) [29



]
\openout2 = `Chapters/Chapter0C.aux'.

 (Chapters/Chapter0C.tex [30



]
Appendix C.
) [31] (Thesis.bbl [32



]) [33]
Package atveryend Info: Empty hook `BeforeClearDocument' on input line 285.
Package atveryend Info: Empty hook `AfterLastShipout' on input line 285.
 (Thesis.aux
LaTeX Info: Redefining \. on input line 26.
LaTeX Info: Redefining \% on input line 26.
 (Chapters/Chapter_acronyms.aux)
(Chapters/Chapter00.aux) (Chapters/Chapter01.aux) (Chapters/Chapter02.aux)
(Chapters/Chapter03.aux) (Chapters/Chapter04.aux) (Chapters/Chapter05.aux)
(Chapters/Chapter06.aux) (Chapters/Chapter07.aux) (Chapters/Chapter0A.aux)
(Chapters/Chapter0B.aux) (Chapters/Chapter0C.aux))
Package atveryend Info: Executing hook `AtVeryEndDocument' on input line 285.
Package atveryend Info: Executing hook `AtEndAfterFileList' on input line 285.
Package rerunfilecheck Info: File `Thesis.out' has not changed.
(rerunfilecheck)             Checksum: DA2C148D120E81926605880E5DB9FACF;1264.


LaTeX Warning: There were undefined references.


LaTeX Warning: There were multiply-defined labels.

Package atveryend Info: Empty hook `AtVeryVeryEnd' on input line 285.
 ) 
Here is how much of TeX's memory you used:
 31520 strings out of 493305
 628008 string characters out of 3141038
 1230677 words of memory out of 3000000
 34447 multiletter control sequences out of 15000+200000
 543410 words of font info for 71 fonts, out of 3000000 for 9000
 1141 hyphenation exceptions out of 8191
 62i,14n,93p,10443b,874s stack positions out of 5000i,500n,10000p,200000b,50000s
<E:/Programs/MiKTeX 2.9/fonts/type1/public/amsfonts/cm/cmbx10.pfb><E:/Program
s/MiKTeX 2.9/fonts/type1/public/amsfonts/cm/cmbx12.pfb><E:/Programs/MiKTeX 2.9/
fonts/type1/public/amsfonts/cm/cmbx8.pfb><E:/Programs/MiKTeX 2.9/fonts/type1/pu
blic/amsfonts/cm/cmbxti10.pfb><E:/Programs/MiKTeX 2.9/fonts/type1/public/amsfon
ts/cm/cmex10.pfb><E:/Programs/MiKTeX 2.9/fonts/type1/public/amsfonts/cm/cmmi10.
pfb><E:/Programs/MiKTeX 2.9/fonts/type1/public/amsfonts/cm/cmmi6.pfb><E:/Progra
ms/MiKTeX 2.9/fonts/type1/public/amsfonts/cm/cmmi8.pfb><E:/Programs/MiKTeX 2.9/
fonts/type1/public/amsfonts/cm/cmr10.pfb><E:/Programs/MiKTeX 2.9/fonts/type1/pu
blic/amsfonts/cm/cmr12.pfb><E:/Programs/MiKTeX 2.9/fonts/type1/public/amsfonts/
cm/cmr6.pfb><E:/Programs/MiKTeX 2.9/fonts/type1/public/amsfonts/cm/cmr8.pfb><E:
/Programs/MiKTeX 2.9/fonts/type1/public/amsfonts/cm/cmr9.pfb><E:/Programs/MiKTe
X 2.9/fonts/type1/public/amsfonts/cm/cmsy10.pfb><E:/Programs/MiKTeX 2.9/fonts/t
ype1/public/amsfonts/cm/cmti10.pfb><E:/Programs/MiKTeX 2.9/fonts/type1/public/a
msfonts/cm/cmti12.pfb><E:/Programs/MiKTeX 2.9/fonts/type1/public/amsfonts/cm/cm
tt10.pfb><E:/Programs/MiKTeX 2.9/fonts/type1/public/amsfonts/symbols/msam10.pfb
><E:/Programs/MiKTeX 2.9/fonts/type1/public/amsfonts/symbols/msbm10.pfb>
Output written on Thesis.pdf (54 pages, 404663 bytes).
PDF statistics:
 531 PDF objects out of 1000 (max. 8388607)
 98 named destinations out of 1000 (max. 500000)
 232 words of extra memory for PDF output out of 10000 (max. 10000000)

